-------------------------------------------------------------------------------
Test set: com.delve.filemanager.FileManagerApplicationTests
-------------------------------------------------------------------------------
Tests run: 1, Failures: 0, Errors: 1, Skipped: 0, Time elapsed: 0.18 s <<< FAILURE! - in com.delve.filemanager.FileManagerApplicationTests
com.delve.filemanager.FileManagerApplicationTests  Time elapsed: 0.179 s  <<< ERROR!
java.lang.IllegalStateException: Unable to find a @SpringBootConfiguration, you need to use @ContextConfiguration or @SpringBootTest(classes=...) with your test

